<?xml version="1.0" encoding="utf-8"?><testsuites><testsuite errors="0" failures="0" hostname="ubuntu" name="pytest" skipped="0" tests="3" time="0.024" timestamp="2020-04-14T20:06:31.670158"><testcase classname="test_ordering" file="test_ordering.py" line="14" name="test_disp" time="0.001"></testcase><testcase classname="test_ordering" file="test_ordering.py" line="8" name="test_bar" time="0.001"></testcase><testcase classname="test_ordering" file="test_ordering.py" line="3" name="test_foo" time="0.001"></testcase></testsuite></testsuites>